<?xml version="1.0" encoding="UTF-8"?>
<testng-results ignored="0" total="3" passed="3" failed="0" skipped="0">
  <reporter-output>
  </reporter-output>
  <suite started-at="2026-01-09T21:37:11 AST" name="Default suite" finished-at="2026-01-09T21:37:14 AST" duration-ms="2929">
    <groups>
    </groups>
    <test started-at="2026-01-09T21:37:11 AST" name="Default test" finished-at="2026-01-09T21:37:14 AST" duration-ms="2929">
      <class name="checkouttest.Task01">
        <test-method is-config="true" signature="mySetup()[pri:0, instance:checkouttest.Task01@49872d67]" started-at="2026-01-09T21:37:11 AST" name="mySetup" finished-at="2026-01-09T21:37:13 AST" duration-ms="2184" status="PASS">
          <reporter-output>
          </reporter-output>
        </test-method> <!-- mySetup -->
        <test-method signature="Login()[pri:1, instance:checkouttest.Task01@49872d67]" started-at="2026-01-09T21:37:13 AST" name="Login" finished-at="2026-01-09T21:37:13 AST" duration-ms="201" status="PASS">
          <reporter-output>
          </reporter-output>
        </test-method> <!-- Login -->
        <test-method signature="AddNewItemToTheCart()[pri:2, instance:checkouttest.Task01@49872d67]" started-at="2026-01-09T21:37:13 AST" name="AddNewItemToTheCart" finished-at="2026-01-09T21:37:14 AST" duration-ms="152" status="PASS">
          <reporter-output>
          </reporter-output>
        </test-method> <!-- AddNewItemToTheCart -->
        <test-method signature="CheckOut()[pri:3, instance:checkouttest.Task01@49872d67]" started-at="2026-01-09T21:37:14 AST" name="CheckOut" finished-at="2026-01-09T21:37:14 AST" duration-ms="347" status="PASS">
          <reporter-output>
          </reporter-output>
        </test-method> <!-- CheckOut -->
        <test-method is-config="true" signature="AfterFinishingTheTest()[pri:0, instance:checkouttest.Task01@49872d67]" started-at="2026-01-09T21:37:14 AST" name="AfterFinishingTheTest" finished-at="2026-01-09T21:37:14 AST" duration-ms="1" status="PASS">
          <reporter-output>
          </reporter-output>
        </test-method> <!-- AfterFinishingTheTest -->
      </class> <!-- checkouttest.Task01 -->
    </test> <!-- Default test -->
  </suite> <!-- Default suite -->
</testng-results>
