<?xml version="1.0" encoding="UTF-8"?>
<!-- Generated by org.testng.reporters.JUnitReportReporter -->
<testsuite hostname="DESKTOP-QQS5BR8" failures="0" tests="3" name="checkouttest.Task01" time="0.700" errors="0" timestamp="2026-01-09T21:37:14 AST" skipped="0">
  <testcase classname="checkouttest.Task01" name="Login" time="0.201"/>
  <testcase classname="checkouttest.Task01" name="AddNewItemToTheCart" time="0.152"/>
  <testcase classname="checkouttest.Task01" name="CheckOut" time="0.347"/>
</testsuite> <!-- checkouttest.Task01 -->
